<?xml version="1.0" encoding="UTF-8"?>
<!-- Generated by org.testng.reporters.JUnitReportReporter -->
<testsuite hostname="DESKTOP-DPRSV8L" failures="0" tests="1" name="com.testcases.FlightTC" time="1.993" errors="0" timestamp="2025-02-06T09:10:57 IST" skipped="0">
  <testcase classname="com.testcases.FlightTC" name="launchTheApplication" time="1.993"/>
</testsuite> <!-- com.testcases.FlightTC -->
